<?xml version="1.0" encoding="UTF-8"?>
<testsuites>
  <testsuite name="D:\course laravel\JowXIdea\phpunit.xml" tests="3" assertions="5" errors="0" failures="0" skipped="0" time="0.652913">
    <testsuite name="Unit and Feature Tests" tests="3" assertions="5" errors="0" failures="0" skipped="0" time="0.652913">
      <testsuite name="Jowxidea\Onesignal\Tests\OneSignalClientTest" file="D:\course laravel\JowXIdea\tests\OneSignalClientTest.php" tests="1" assertions="2" errors="0" failures="0" skipped="0" time="0.586249">
        <testcase name="test_send_to_users_posts_notification_payload" file="D:\course laravel\JowXIdea\tests\OneSignalClientTest.php" line="12" class="Jowxidea\Onesignal\Tests\OneSignalClientTest" classname="Jowxidea.Onesignal.Tests.OneSignalClientTest" assertions="2" time="0.586249"/>
      </testsuite>
      <testsuite name="Jowxidea\Onesignal\Tests\ServiceProviderTest" file="D:\course laravel\JowXIdea\tests\ServiceProviderTest.php" tests="2" assertions="3" errors="0" failures="0" skipped="0" time="0.066664">
        <testcase name="test_client_is_bound_in_container" file="D:\course laravel\JowXIdea\tests\ServiceProviderTest.php" line="11" class="Jowxidea\Onesignal\Tests\ServiceProviderTest" classname="Jowxidea.Onesignal.Tests.ServiceProviderTest" assertions="1" time="0.039131"/>
        <testcase name="test_helper_returns_client_instance" file="D:\course laravel\JowXIdea\tests\ServiceProviderTest.php" line="18" class="Jowxidea\Onesignal\Tests\ServiceProviderTest" classname="Jowxidea.Onesignal.Tests.ServiceProviderTest" assertions="2" time="0.027533"/>
      </testsuite>
    </testsuite>
  </testsuite>
</testsuites>
