<?xml version="1.0" encoding="UTF-8"?>
<testsuites>
  <testsuite name="D:\course laravel\JowXIdea\phpunit.xml" tests="7" assertions="17" errors="0" failures="0" skipped="0" time="0.733736">
    <testsuite name="Unit and Feature Tests" tests="7" assertions="17" errors="0" failures="0" skipped="0" time="0.733736">
      <testsuite name="Jowxidea\Onesignal\Tests\ApiRouteTest" file="D:\course laravel\JowXIdea\tests\ApiRouteTest.php" tests="1" assertions="6" errors="0" failures="0" skipped="0" time="0.543114">
        <testcase name="test_api_route_reports_package_is_working" file="D:\course laravel\JowXIdea\tests\ApiRouteTest.php" line="9" class="Jowxidea\Onesignal\Tests\ApiRouteTest" classname="Jowxidea.Onesignal.Tests.ApiRouteTest" assertions="6" time="0.543114"/>
      </testsuite>
      <testsuite name="Jowxidea\Onesignal\Tests\OneSignalClientTest" file="D:\course laravel\JowXIdea\tests\OneSignalClientTest.php" tests="4" assertions="8" errors="0" failures="0" skipped="0" time="0.141300">
        <testcase name="test_send_to_all_posts_notification_payload" file="D:\course laravel\JowXIdea\tests\OneSignalClientTest.php" line="12" class="Jowxidea\Onesignal\Tests\OneSignalClientTest" classname="Jowxidea.Onesignal.Tests.OneSignalClientTest" assertions="2" time="0.077188"/>
        <testcase name="test_send_to_one_user_posts_notification_payload" file="D:\course laravel\JowXIdea\tests\OneSignalClientTest.php" line="40" class="Jowxidea\Onesignal\Tests\OneSignalClientTest" classname="Jowxidea.Onesignal.Tests.OneSignalClientTest" assertions="2" time="0.021594"/>
        <testcase name="test_send_to_many_users_posts_notification_payload" file="D:\course laravel\JowXIdea\tests\OneSignalClientTest.php" line="67" class="Jowxidea\Onesignal\Tests\OneSignalClientTest" classname="Jowxidea.Onesignal.Tests.OneSignalClientTest" assertions="2" time="0.020810"/>
        <testcase name="test_legacy_send_notification_to_all_still_works" file="D:\course laravel\JowXIdea\tests\OneSignalClientTest.php" line="97" class="Jowxidea\Onesignal\Tests\OneSignalClientTest" classname="Jowxidea.Onesignal.Tests.OneSignalClientTest" assertions="2" time="0.021707"/>
      </testsuite>
      <testsuite name="Jowxidea\Onesignal\Tests\ServiceProviderTest" file="D:\course laravel\JowXIdea\tests\ServiceProviderTest.php" tests="2" assertions="3" errors="0" failures="0" skipped="0" time="0.049323">
        <testcase name="test_client_is_bound_in_container" file="D:\course laravel\JowXIdea\tests\ServiceProviderTest.php" line="11" class="Jowxidea\Onesignal\Tests\ServiceProviderTest" classname="Jowxidea.Onesignal.Tests.ServiceProviderTest" assertions="1" time="0.025228"/>
        <testcase name="test_helper_returns_client_instance" file="D:\course laravel\JowXIdea\tests\ServiceProviderTest.php" line="18" class="Jowxidea\Onesignal\Tests\ServiceProviderTest" classname="Jowxidea.Onesignal.Tests.ServiceProviderTest" assertions="2" time="0.024095"/>
      </testsuite>
    </testsuite>
  </testsuite>
</testsuites>
